INFO:pyul:Using solc at /nix/store/q678v2i3qyar29ibcz27nds1k3skdgba-solc/bin/solc
INFO:pyul:Executing: /nix/store/q678v2i3qyar29ibcz27nds1k3skdgba-solc/bin/solc --standard-json ../yul-playground/compiled/solc_input.json --allow-paths ../tests/e2e/feature
INFO:pyul:Running Yul IR pre-preprocess on ForLoopTestContract
INFO:pyul:Dumping input Yul IR json to ../yul-playground/compiled/control-flow/for-loop.sol/ForLoopTestContract/input_yul.json
DEBUG:pyul:BEGIN PASS prune_deploy_obj
DEBUG:pyul:Main constructor is: constructor_ForLoopTestContract_29
DEBUG:pyul:Stmt count after removing unreachable functions: 6 -> 4
DEBUG:pyul:Stmt count after removing non-function-def statements: 4 -> 1
DEBUG:pyul:END PASS prune_deploy_obj
DEBUG:pyul:BEGIN PASS prune_deployed_code
DEBUG:pyul:Stmt count change: 28 -> 25
DEBUG:pyul:END PASS prune_deployed_code
DEBUG:pyul:Stmt count after removing unreachable functions: 25 -> 25
DEBUG:pyul:Stmt count after removing unreachable functions: 1 -> 1
INFO:pyul:Dumping processed Yul AST json to ../yul-playground/compiled/control-flow/for-loop.sol/ForLoopTestContract/yul.json
INFO:pyul:Summary of contract ForLoopTestContract:
INFO:pyul:
INFO:pyul:Functions defined in the Solidity source code:
INFO:pyul:  constructor_ForLoopTestContract_29
INFO:pyul:  fun_loop_28
INFO:pyul:Functions defined in the Yul IR:
INFO:pyul:  revert_error_42b3090547df1d2001c96683413b8cf91c1b902ef5e3cb8d9f6f304cf7446f74
INFO:pyul:  revert_error_ca66f745a3ce8ff40e2ccaf1ad45db7774001b90d25810abd9040049be7bf4bb
INFO:pyul:  constructor_ForLoopTestContract_29
INFO:pyul:  abi_encode_t_uint256_to_t_uint256_fromStack
INFO:pyul:  convert_t_rational_10_by_1_to_t_uint256
INFO:pyul:  zero_value_for_split_t_uint256
INFO:pyul:  cleanup_t_rational_10_by_1
INFO:pyul:  cleanup_t_rational_0_by_1
INFO:pyul:  checked_add_t_uint256
INFO:pyul:  convert_t_rational_1_by_1_to_t_uint256
INFO:pyul:  convert_t_rational_0_by_1_to_t_uint256
INFO:pyul:  _pyul_selector
INFO:pyul:  validator_revert_t_uint256
INFO:pyul:  allocate_unbounded
INFO:pyul:  cleanup_t_uint256
INFO:pyul:  cleanup_t_rational_1_by_1
INFO:pyul:  abi_decode_t_uint256
INFO:pyul:  external_fun_loop_28
INFO:pyul:  abi_encode_tuple_t_uint256__to_t_uint256__fromStack
INFO:pyul:  fun_loop_28
INFO:pyul:  panic_error_0x11
INFO:pyul:  increment_t_uint256
INFO:pyul:  revert_error_dbdddcbe895c83990c08b3492a0e83918d802a52331272ac6fdb6a7c4aea3b1b
INFO:pyul:  shift_right_224_unsigned
INFO:pyul:  abi_decode_tuple_t_uint256
INFO:pyul:  identity
INFO:pyul:Unknown function symbols:
INFO:pyul:  revert_error_42b3090547df1d2001c96683413b8cf91c1b902ef5e3cb8d9f6f304cf7446f74
INFO:pyul:  revert_error_ca66f745a3ce8ff40e2ccaf1ad45db7774001b90d25810abd9040049be7bf4bb
INFO:pyul:  abi_encode_t_uint256_to_t_uint256_fromStack
INFO:pyul:  callvalue
INFO:pyul:  convert_t_rational_10_by_1_to_t_uint256
INFO:pyul:  zero_value_for_split_t_uint256
INFO:pyul:  cleanup_t_rational_10_by_1
INFO:pyul:  eq
INFO:pyul:  iszero
INFO:pyul:  return
INFO:pyul:  cleanup_t_rational_0_by_1
INFO:pyul:  checked_add_t_uint256
INFO:pyul:  mstore
INFO:pyul:  convert_t_rational_1_by_1_to_t_uint256
INFO:pyul:  convert_t_rational_0_by_1_to_t_uint256
INFO:pyul:  revert
INFO:pyul:  mload
INFO:pyul:  shr
INFO:pyul:  validator_revert_t_uint256
INFO:pyul:  cleanup_t_uint256
INFO:pyul:  allocate_unbounded
INFO:pyul:  eurus_dispatcher_revert
INFO:pyul:  cleanup_t_rational_1_by_1
INFO:pyul:  abi_decode_t_uint256
INFO:pyul:  slt
INFO:pyul:  eurus_dispatcher_miss
INFO:pyul:  sub
INFO:pyul:  external_fun_loop_28
INFO:pyul:  add
INFO:pyul:  abi_encode_tuple_t_uint256__to_t_uint256__fromStack
INFO:pyul:  panic_error_0x11
INFO:pyul:  increment_t_uint256
INFO:pyul:  revert_error_dbdddcbe895c83990c08b3492a0e83918d802a52331272ac6fdb6a7c4aea3b1b
INFO:pyul:  shift_right_224_unsigned
INFO:pyul:  abi_decode_tuple_t_uint256
INFO:pyul:  calldataload
INFO:pyul:  identity
INFO:pyul:  gt
INFO:pyul:  calldatasize
INFO:pyul:  lt
INFO:pyul:Dead symbols:
INFO:pyul:  _pyul_selector
INFO:pyul:Running: /Users/ajinkya/Workspace/yul2llvm/build/bin/yul2llvm_cpp ../yul-playground/compiled/control-flow/for-loop.sol/ForLoopTestContract/yul.json -d
